#
#model:
#
#<?xml version="1.0" encoding="UTF-8" standalone="no"?><input id="posterior" spec="beast.core.util.CompoundDistribution">
#    <distribution id="prior" spec="beast.core.util.CompoundDistribution">
#        <distribution id="YuleModel.t:anthus_aco_sub" spec="beast.evolution.speciation.YuleModel">
#            <parameter id="birthRate.t:anthus_aco_sub" name="birthDiffRate" spec="beast.core.parameter.RealParameter">1.0</parameter>
#            <tree id="Tree.t:anthus_aco_sub" spec="beast.evolution.tree.Tree">
#                <taxonset id="TaxonSet.anthus_aco_sub" spec="beast.evolution.alignment.TaxonSet">
#                </taxonset>
#            </tree>
#        </distribution>
#        <prior id="YuleBirthRatePrior.t:anthus_aco_sub" name="distribution" x="@birthRate.t:anthus_aco_sub">
#            <Uniform id="Uniform.100" name="distr" upper="Infinity"/>
#        </prior>
#    </distribution>
#    <distribution id="likelihood" spec="beast.core.util.CompoundDistribution" useThreads="true">
#        <distribution data="@anthus_aco_sub" id="treeLikelihood.anthus_aco_sub" spec="beast.evolution.likelihood.ThreadedTreeLikelihood" tree="@Tree.t:anthus_aco_sub">
#            <siteModel id="SiteModel.s:anthus_aco_sub" spec="beast.evolution.sitemodel.SiteModel">
#                <parameter estimate="false" id="mutationRate.s:anthus_aco_sub" name="mutationRate" spec="beast.core.parameter.RealParameter">1.0</parameter>
#                <parameter estimate="false" id="gammaShape.s:anthus_aco_sub" name="shape" spec="beast.core.parameter.RealParameter">1.0</parameter>
#                <parameter estimate="false" id="proportionInvariant.s:anthus_aco_sub" lower="0.0" name="proportionInvariant" spec="beast.core.parameter.RealParameter" upper="1.0">0.0</parameter>
#                <substModel id="JC69.s:anthus_aco_sub" spec="beast.evolution.substitutionmodel.JukesCantor"/>
#            </siteModel>
#            <branchRateModel id="StrictClock.c:anthus_aco_sub" spec="beast.evolution.branchratemodel.StrictClockModel">
#                <parameter estimate="false" id="clockRate.c:anthus_aco_sub" name="clock.rate" spec="beast.core.parameter.RealParameter">1.0</parameter>
#            </branchRateModel>
#        </distribution>
#    </distribution>
#</input>
#
Sample	posterior	likelihood	prior	treeLikelihood	TreeHeight	YuleModel	birthRate
0	-339.2860028640029	-332.2625692020612	-7.023433661941714	-332.2625692020612	2.944707095698801	-7.023433661941714	1.0
1000	-133.5436102192857	-139.7106364918129	6.167026272527182	-139.7106364918129	0.037844340594834325	6.167026272527182	5.49297436043764
2000	-134.86745931953817	-140.26550710334567	5.398047783807493	-140.26550710334567	0.055089168826159454	5.398047783807493	4.574359188356646
3000	-126.54785968188821	-138.91771759849837	12.369857916610162	-138.91771759849837	0.02030873457652782	12.369857916610162	90.09371721509437
4000	-123.73358233478454	-139.0461301374613	15.312547802676749	-139.0461301374613	0.009107009265360459	15.312547802676749	283.86322663515847
5000	-124.25956277558893	-140.0368809900107	15.777318214421772	-140.0368809900107	0.008431148979882109	15.777318214421772	164.78432940815287
6000	-124.35378956057687	-140.15604119532878	15.802251634751919	-140.15604119532878	0.007493149644157026	15.802251634751919	398.9592317189039
7000	-122.85606785930727	-139.72835152692295	16.872283667615683	-139.72835152692295	0.008133387896103841	16.872283667615683	242.1489565573687
8000	-125.57401520400347	-139.9658990701669	14.391883866163422	-139.9658990701669	0.010706328578002319	14.391883866163422	192.0113692351912
9000	-127.00706267187896	-141.17021384998057	14.163151178101609	-141.17021384998057	0.005968530002376513	14.163151178101609	602.8141940603282
10000	-124.84287959599645	-141.53359295298054	16.690713356984087	-141.53359295298054	0.0060579234854305775	16.690713356984087	135.4402123907379
11000	-126.39304300468656	-140.9793599510071	14.586316946320531	-140.9793599510071	0.012471693543538569	14.586316946320531	103.43868796774825
12000	-126.03144054967642	-138.17362119354158	12.142180643865165	-138.17362119354158	0.020251037273223842	12.142180643865165	40.754660577669284
13000	-127.43343040456352	-138.79955150008644	11.366121095522912	-138.79955150008644	0.021848568811332292	11.366121095522912	31.30368028523766
14000	-129.15736029206008	-138.6008493427933	9.443489050733232	-138.6008493427933	0.03677437807323123	9.443489050733232	66.59264461259372
15000	-125.61527417077679	-138.51810739108865	12.902833220311855	-138.51810739108865	0.01943903462939102	12.902833220311855	93.65105221635562
16000	-125.71526079610798	-140.1566682281056	14.441407431997602	-140.1566682281056	0.00997578915598116	14.441407431997602	90.63008001445932
17000	-125.98813714213088	-139.18409569490177	13.195958552770882	-139.18409569490177	0.013966370279059923	13.195958552770882	121.61535622882808
18000	-124.597935359548	-138.69823775555125	14.100302396003247	-138.69823775555125	0.012119305767256854	14.100302396003247	53.2172769165663
19000	-125.10013451179968	-138.50952142322754	13.409386911427855	-138.50952142322754	0.017792882471382814	13.409386911427855	70.71845790471255
20000	-125.34704038651044	-137.64363940585045	12.296599019340007	-137.64363940585045	0.02410661040722581	12.296599019340007	53.815730859745415
21000	-129.45333989541533	-138.75901396675053	9.305674071335211	-138.75901396675053	0.023190813870599857	9.305674071335211	160.4878488623367
22000	-123.95033201308703	-140.52233485914547	16.57200284605843	-140.52233485914547	0.0076779616425190845	16.57200284605843	205.26959755567427
23000	-124.34528478324923	-138.47243798026977	14.127153197020544	-138.47243798026977	0.013739487341619692	14.127153197020544	165.59628318528908
24000	-125.03609945780372	-144.4568093456487	19.42070988784499	-144.4568093456487	0.0035991324369788564	19.42070988784499	305.7333159112627
25000	-127.66478095281394	-145.2569599935907	17.592179040776756	-145.2569599935907	0.003796381421707757	17.592179040776756	536.3728592259226
26000	-124.37388133245226	-140.4566469921058	16.08276565965353	-140.4566469921058	0.00824399901613361	16.08276565965353	163.83561057053464
27000	-123.07050253287855	-138.9647098968733	15.894207363994745	-138.9647098968733	0.009634395251659737	15.894207363994745	224.4120647739524
28000	-125.75858828060349	-139.0168722737418	13.258283993138305	-139.0168722737418	0.014816187689711803	13.258283993138305	113.55725999976724
29000	-131.0015259083214	-139.43292892011192	8.43140301179052	-139.43292892011192	0.04001564812945878	8.43140301179052	10.997008775766025
30000	-126.03836897069161	-138.36259898242224	12.324230011730641	-138.36259898242224	0.022653902680023125	12.324230011730641	64.25121299034396
31000	-126.5286220657118	-140.06626077610775	13.537638710395953	-140.06626077610775	0.012851580793007564	13.537638710395953	80.71348744785456
32000	-124.06879774205986	-137.45665423889494	13.387856496835079	-137.45665423889494	0.020281837087084566	13.387856496835079	99.96138014652924
33000	-126.30269396025172	-140.13894338475137	13.836249424499652	-140.13894338475137	0.0162790419575272	13.836249424499652	57.38150293052899
34000	-125.99866088998539	-140.1055585356582	14.106897645672799	-140.1055585356582	0.012228268283711005	14.106897645672799	66.49201998585843
35000	-127.17237256756599	-139.05436992598294	11.881997358416946	-139.05436992598294	0.020966045852475804	11.881997358416946	41.993474576487635
36000	-124.8803154134372	-141.68034520366677	16.800029790229576	-141.68034520366677	0.006648345223224457	16.800029790229576	274.696781104023
37000	-124.22567813559846	-138.94399793475878	14.718319799160323	-138.94399793475878	0.00958967092729755	14.718319799160323	59.974437207191
38000	-125.42257263729647	-138.90293071601081	13.480358078714344	-138.90293071601081	0.014956129795118341	13.480358078714344	110.7082922485768
39000	-128.110024442786	-141.74262375638278	13.632599313596785	-141.74262375638278	0.008231611390281737	13.632599313596785	269.63179793835224
40000	-124.93072627548082	-141.52849372271186	16.597767447231043	-141.52849372271186	0.006906417595885457	16.597767447231043	216.8949017605349
41000	-125.36608258620649	-139.73856089171574	14.372478305509247	-139.73856089171574	0.014949249669691352	14.372478305509247	124.07226290391449
42000	-124.35066201735333	-138.6654359552167	14.314773937863372	-138.6654359552167	0.016417167655851796	14.314773937863372	104.25742113047497
43000	-125.70664305515972	-138.54024742483114	12.833604369671422	-138.54024742483114	0.01376561571116645	12.833604369671422	173.73424560928547
44000	-126.05513312466924	-139.09690261884901	13.041769494179778	-139.09690261884901	0.015862703104739605	13.041769494179778	84.54780649093377
45000	-128.9020251686191	-139.83953563944667	10.93751047082755	-139.83953563944667	0.024679084258221556	10.93751047082755	51.98096871941208
46000	-123.97474153343794	-137.45913160199592	13.484390068557984	-137.45913160199592	0.01935169016212403	13.484390068557984	89.22834642550615
47000	-124.60756383580498	-142.34687852105037	17.73931468524539	-142.34687852105037	0.005351342642017225	17.73931468524539	357.63376949289324
48000	-127.78497225896432	-145.52720252606719	17.74223026710287	-145.52720252606719	0.0049047255344511625	17.74223026710287	202.46028630168576
49000	-127.54322803456057	-139.7733467780858	12.230118743525217	-139.7733467780858	0.01890204465727438	12.230118743525217	36.10088288030474
50000	-124.17698277491877	-140.66013493491636	16.483152159997584	-140.66013493491636	0.007572684056347111	16.483152159997584	166.944638618132
51000	-124.17315028277241	-139.31344704733706	15.14029676456465	-139.31344704733706	0.010141627480096699	15.14029676456465	112.89289781907445
52000	-132.69391181567792	-143.32328209322282	10.629370277544883	-143.32328209322282	0.021694236147768137	10.629370277544883	103.85715551677181
53000	-124.93809382183743	-141.88528937956335	16.94719555772592	-141.88528937956335	0.00849937507461955	16.94719555772592	176.13903012812045
54000	-126.31467965590218	-138.79103863576057	12.476358979858382	-138.79103863576057	0.018094687404883646	12.476358979858382	43.84868905676183
55000	-125.97121226590151	-138.84606088586563	12.874848619964107	-138.84606088586563	0.013865589604056065	12.874848619964107	174.78639857071974
56000	-124.65812372881028	-138.19220320518633	13.534079476376055	-138.19220320518633	0.017853894681276194	13.534079476376055	87.04448663427172
57000	-125.2122326058941	-140.0954407306234	14.883208124729313	-140.0954407306234	0.009709072005716263	14.883208124729313	228.60811635429997
58000	-130.57014174768784	-143.80288989257204	13.232748144884193	-143.80288989257204	0.015841849098965417	13.232748144884193	60.787198788670125
59000	-124.04140105993713	-140.0462804707505	16.004879410813377	-140.0462804707505	0.009542550604253922	16.004879410813377	191.49915537184975
60000	-125.70912480508773	-142.92558484343402	17.216460038346302	-142.92558484343402	0.004199228793233067	17.216460038346302	412.9803469466072
61000	-128.46991916003412	-139.9214839949011	11.451564834866996	-139.9214839949011	0.02237201190690417	11.451564834866996	63.841504598331305
62000	-124.49459745368384	-139.07720102751688	14.582603573833033	-139.07720102751688	0.013993694586254985	14.582603573833033	129.8335513086535
63000	-128.71073305097605	-147.35058061165495	18.639847560678906	-147.35058061165495	0.0035636635815232275	18.639847560678906	449.03211025826175
64000	-123.30536048536021	-143.1919006539859	19.88654016862568	-143.1919006539859	0.0032266855217392386	19.88654016862568	540.1033934415321
65000	-124.08516293334073	-140.09692448913074	16.011761555790013	-140.09692448913074	0.0076067736600045	16.011761555790013	227.91624824319402
66000	-127.10887306028013	-142.72480781809907	15.615934757818936	-142.72480781809907	0.009057150013838703	15.615934757818936	292.6286899087662
67000	-124.28539476639241	-137.83899840522372	13.553603638831298	-137.83899840522372	0.015380838757401939	13.553603638831298	49.17573723408226
68000	-126.15764978185443	-138.2557271232265	12.098077341372072	-138.2557271232265	0.023266179145205113	12.098077341372072	47.80345439827206
69000	-126.21525411694982	-139.66616277846614	13.450908661516328	-139.66616277846614	0.021062316868777357	13.450908661516328	88.41348141941283
70000	-124.49913402529077	-139.47840800739326	14.979273982102484	-139.47840800739326	0.014031398657191321	14.979273982102484	109.99541968218145
71000	-128.55885742802968	-138.80756679381892	10.248709365789228	-138.80756679381892	0.027717394170112337	10.248709365789228	78.52848537939175
72000	-126.8931518357539	-139.53797395627154	12.644822120517642	-139.53797395627154	0.016675336880932756	12.644822120517642	103.56193055294412
73000	-127.2461323046692	-139.64876206151743	12.402629756848235	-139.64876206151743	0.01451371867966773	12.402629756848235	194.0383459611799
74000	-128.5569254484712	-142.1292024636695	13.572277015198281	-142.1292024636695	0.012485683816203116	13.572277015198281	55.30768939986569
75000	-126.65935471886719	-138.39433555713487	11.734980838267674	-138.39433555713487	0.02980264170251306	11.734980838267674	56.33779244357494
76000	-125.9128869154023	-140.874634131216	14.961747215813702	-140.874634131216	0.009198443345361495	14.961747215813702	272.96723392675204
77000	-127.65396686770087	-139.79207325620797	12.138106388507099	-139.79207325620797	0.01907232657375745	12.138106388507099	111.52604708442571
78000	-123.9516879933574	-137.42500571106973	13.47331771771233	-137.42500571106973	0.01823294121800121	13.47331771771233	102.17973633435707
79000	-129.58137402556142	-140.5889905234444	11.00761649788299	-140.5889905234444	0.025101886564629555	11.00761649788299	41.90187739015367
80000	-127.70975056190773	-140.68296366612356	12.973213104215837	-140.68296366612356	0.012699894166704147	12.973213104215837	231.90431827632628
81000	-124.3184398190473	-139.76835937586023	15.44991955681293	-139.76835937586023	0.009527802149036011	15.44991955681293	232.38655543646883
82000	-126.56724649348658	-138.8545557925427	12.287309299056124	-138.8545557925427	0.014276573853392819	12.287309299056124	179.69909059219435
83000	-125.37921180752338	-140.49666513580988	15.117453328286498	-140.49666513580988	0.008669261437688923	15.117453328286498	332.4704943131967
84000	-126.5553033570359	-140.16470951049038	13.609406153454483	-140.16470951049038	0.017887882543951	13.609406153454483	121.48797368677917
85000	-125.00386995329691	-139.77696427385115	14.773094320554234	-139.77696427385115	0.010638585996460719	14.773094320554234	62.764321725435636
86000	-130.27980961507166	-142.50854815074212	12.22873853567047	-142.50854815074212	0.011935045721656492	12.22873853567047	159.87026307201776
87000	-126.27528561411222	-141.85995514851265	15.58466953440043	-141.85995514851265	0.008655581222447264	15.58466953440043	118.57168608830334
88000	-124.11189792415489	-138.3438857940875	14.231987869932606	-138.3438857940875	0.01583027126626237	14.231987869932606	92.54853391057867
89000	-124.78509008740305	-137.51863206180258	12.733541974399529	-137.51863206180258	0.022723463020150516	12.733541974399529	52.46679625306633
90000	-125.41897070869318	-141.5970970958375	16.178126387144328	-141.5970970958375	0.007696094328244616	16.178126387144328	152.06185541370135
91000	-125.64605635498532	-140.7212365301804	15.075180175195078	-140.7212365301804	0.008749697423508574	15.075180175195078	116.00490633761174
92000	-124.93620294399007	-137.98957029791438	13.05336735392431	-137.98957029791438	0.02122679813338988	13.05336735392431	62.13539400178763
93000	-125.74998682858731	-138.66218229252036	12.91219546393305	-138.66218229252036	0.015960763944589874	12.91219546393305	46.62676722865113
94000	-125.77493473496972	-138.601099786656	12.826165051686276	-138.601099786656	0.02014157834592088	12.826165051686276	61.831020387026534
95000	-124.57631221001772	-137.36086524778312	12.784553037765404	-137.36086524778312	0.022246862788945092	12.784553037765404	51.72496339680273
96000	-126.51956327075699	-137.81957547710533	11.300012206348345	-137.81957547710533	0.03265709209773706	11.300012206348345	34.869785392956686
97000	-125.16194468239149	-141.30451531788356	16.142570635492056	-141.30451531788356	0.009555446586326401	16.142570635492056	133.24170302233452
98000	-128.2332313332671	-141.98676188455556	13.753530551288474	-141.98676188455556	0.014246734519195007	13.753530551288474	82.19062106025606
99000	-129.24560729472392	-139.7294615181671	10.483854223443199	-139.7294615181671	0.028866644578042156	10.483854223443199	38.93613038721619
100000	-129.26898091789317	-139.40095860069033	10.131977682797146	-139.40095860069033	0.024776739427636058	10.131977682797146	113.80205668673632
